This file contains the list of files that were originally added/modified to the
linux source tree for aNCR implementation

config-meshnode
config-vmeshnode-pae
include/linux/sysctl.h
include/linux/tcp.h
include/net/inet_connection_sock.h
include/net/tcp.h
kernel/sysctl_check.c
net/ipv4/Kconfig
net/ipv4/Makefile
net/ipv4/sysctl_net_ipv4.c
net/ipv4/tcp.c
net/ipv4/tcp_ancr.c
net/ipv4/tcp_cong.c
net/ipv4/tcp_input.c
net/ipv4/tcp_ipv4.c
net/ipv4/tcp_leungma.c
net/ipv4/tcp_minisocks.c
net/ipv4/tcp_ncr.c
net/ipv4/tcp_noreor.c
net/ipv4/tcp_output.c
net/ipv4/tcp_reorder.c
net/ipv4/tcp_timer.c
net/ipv6/tcp_ipv6.c
